TN:
SF:src/index.ts
FN:11,(anonymous_8)
FN:22,(anonymous_9)
FN:22,(anonymous_10)
FNF:3
FNH:1
FNDA:2,(anonymous_8)
FNDA:0,(anonymous_9)
FNDA:0,(anonymous_10)
DA:1,1
DA:2,1
DA:3,1
DA:4,1
DA:5,1
DA:6,1
DA:7,1
DA:9,1
DA:11,1
DA:12,2
DA:13,2
DA:15,2
DA:16,2
DA:22,2
DA:23,0
DA:27,1
LF:16
LH:15
BRF:0
BRH:0
end_of_record
TN:
SF:src/blog/controllers/blog.controller.ts
FN:14,(anonymous_8)
FN:14,(anonymous_9)
FN:41,(anonymous_10)
FN:41,(anonymous_11)
FN:54,(anonymous_12)
FN:54,(anonymous_13)
FN:67,(anonymous_14)
FN:67,(anonymous_15)
FN:80,(anonymous_16)
FN:80,(anonymous_17)
FNF:10
FNH:10
FNDA:1,(anonymous_8)
FNDA:1,(anonymous_9)
FNDA:2,(anonymous_10)
FNDA:2,(anonymous_11)
FNDA:2,(anonymous_12)
FNDA:2,(anonymous_13)
FNDA:2,(anonymous_14)
FNDA:2,(anonymous_15)
FNDA:2,(anonymous_16)
FNDA:2,(anonymous_17)
DA:2,1
DA:3,1
DA:4,1
DA:10,1
DA:11,1
DA:12,1
DA:14,1
DA:15,1
DA:16,1
DA:17,1
DA:22,1
DA:27,1
DA:33,0
DA:41,2
DA:42,2
DA:43,2
DA:44,1
DA:46,1
DA:54,2
DA:55,2
DA:56,2
DA:57,1
DA:59,1
DA:67,2
DA:68,2
DA:69,2
DA:70,1
DA:72,1
DA:80,2
DA:81,2
DA:82,2
DA:83,1
DA:85,1
LF:33
LH:32
BRDA:56,0,0,2
BRDA:56,0,1,0
BRDA:56,1,0,2
BRDA:56,1,1,2
BRF:4
BRH:3
end_of_record
TN:
SF:src/blog/routes/blog.routes.ts
FNF:0
FNH:0
DA:1,0
DA:2,0
DA:10,0
DA:72,0
DA:152,0
DA:239,0
DA:309,0
DA:311,0
LF:8
LH:0
BRF:0
BRH:0
end_of_record
TN:
SF:src/blog/services/blog.services.ts
FN:8,(anonymous_8)
FN:8,(anonymous_9)
FN:33,(anonymous_10)
FN:33,(anonymous_11)
FN:58,(anonymous_12)
FN:58,(anonymous_13)
FN:79,(anonymous_14)
FN:79,(anonymous_15)
FNF:8
FNH:0
FNDA:0,(anonymous_8)
FNDA:0,(anonymous_9)
FNDA:0,(anonymous_10)
FNDA:0,(anonymous_11)
FNDA:0,(anonymous_12)
FNDA:0,(anonymous_13)
FNDA:0,(anonymous_14)
FNDA:0,(anonymous_15)
DA:1,1
DA:2,1
DA:3,1
DA:4,1
DA:5,1
DA:6,1
DA:8,1
DA:9,0
DA:10,0
DA:11,0
DA:16,0
DA:17,0
DA:23,0
DA:24,0
DA:29,0
DA:33,1
DA:34,0
DA:35,0
DA:36,0
DA:41,0
DA:42,0
DA:48,0
DA:49,0
DA:54,0
DA:58,1
DA:59,0
DA:60,0
DA:61,0
DA:62,0
DA:63,0
DA:69,0
DA:70,0
DA:75,0
DA:79,1
DA:80,0
DA:81,0
DA:82,0
DA:83,0
DA:89,0
DA:90,0
DA:95,0
LF:41
LH:10
BRF:0
BRH:0
end_of_record
TN:
SF:src/common/config/constants.ts
FNF:0
FNH:0
DA:1,1
DA:6,1
DA:28,1
DA:29,1
LF:4
LH:4
BRF:0
BRH:0
end_of_record
TN:
SF:src/common/config/messages.ts
FNF:0
FNH:0
DA:1,1
LF:1
LH:1
BRF:0
BRH:0
end_of_record
TN:
SF:src/common/config/status-codes.ts
FNF:0
FNH:0
DA:1,1
LF:1
LH:1
BRF:0
BRH:0
end_of_record
TN:
SF:src/common/utils/logger.ts
FN:20,(anonymous_6)
FNF:1
FNH:1
FNDA:2,(anonymous_6)
DA:1,1
DA:3,1
DA:20,1
DA:27,2
DA:29,2
DA:30,2
DA:31,2
DA:32,2
DA:33,0
DA:34,0
DA:36,2
DA:38,2
DA:42,1
DA:52,1
LF:14
LH:12
BRDA:22,0,0,0
BRDA:23,1,0,0
BRDA:24,2,0,0
BRDA:25,3,0,2
BRDA:26,4,0,2
BRDA:32,5,0,0
BRDA:32,5,1,2
BRDA:33,6,0,0
BRDA:33,6,1,0
BRDA:33,7,0,0
BRDA:33,7,1,0
BRDA:33,8,0,0
BRDA:33,8,1,0
BRDA:33,9,0,0
BRDA:33,9,1,0
BRDA:33,10,0,0
BRDA:33,10,1,0
BRF:17
BRH:3
end_of_record
TN:
SF:src/common/utils/mysql-db.ts
FNF:0
FNH:0
DA:1,1
DA:2,1
DA:4,1
DA:6,1
LF:4
LH:4
BRF:0
BRH:0
end_of_record
TN:
SF:src/common/utils/shortUUID.ts
FN:3,(anonymous_1)
FNF:1
FNH:1
FNDA:1,(anonymous_1)
DA:1,1
DA:3,1
DA:4,1
DA:5,1
LF:4
LH:4
BRF:0
BRH:0
end_of_record
